
onbuild_malicious (debian 10.6)
===============================
Total: 111 (UNKNOWN: 0, LOW: 85, MEDIUM: 9, HIGH: 17, CRITICAL: 0)

+------------------+---------------------+----------+-----------------------+---------------+--------------------------------------------------------------+
|     LIBRARY      |  VULNERABILITY ID   | SEVERITY |   INSTALLED VERSION   | FIXED VERSION |                            TITLE                             |
+------------------+---------------------+----------+-----------------------+---------------+--------------------------------------------------------------+
| apt              | CVE-2011-3374       | LOW      | 1.8.2.1               |               | It was found that apt-key                                    |
|                  |                     |          |                       |               | in apt, all versions, do not                                 |
|                  |                     |          |                       |               | correctly...                                                 |
+------------------+---------------------+          +-----------------------+---------------+--------------------------------------------------------------+
| bash             | CVE-2019-18276      |          | 5.0-4                 |               | bash: when effective UID is                                  |
|                  |                     |          |                       |               | not equal to its real UID                                    |
|                  |                     |          |                       |               | the...                                                       |
+                  +---------------------+          +                       +---------------+--------------------------------------------------------------+
|                  | TEMP-0841856-B18BAF |          |                       |               |                                                              |
+------------------+---------------------+          +-----------------------+---------------+--------------------------------------------------------------+
| coreutils        | CVE-2016-2781       |          | 8.30-3                |               | coreutils: Non-privileged                                    |
|                  |                     |          |                       |               | session can escape to the                                    |
|                  |                     |          |                       |               | parent session in chroot                                     |
+                  +---------------------+          +                       +---------------+--------------------------------------------------------------+
|                  | CVE-2017-18018      |          |                       |               | coreutils: race condition                                    |
|                  |                     |          |                       |               | vulnerability in chown and                                   |
|                  |                     |          |                       |               | chgrp                                                        |
+------------------+---------------------+----------+-----------------------+---------------+--------------------------------------------------------------+
| curl             | CVE-2020-8169       | MEDIUM   | 7.64.0-4+deb10u1      |               | libcurl: partial password leak                               |
|                  |                     |          |                       |               | over DNS on HTTP redirect                                    |
+                  +---------------------+          +                       +---------------+--------------------------------------------------------------+
|                  | CVE-2020-8177       |          |                       |               | curl: Incorrect argument check                               |
|                  |                     |          |                       |               | can allow remote servers to                                  |
|                  |                     |          |                       |               | overwrite local files...                                     |
+                  +---------------------+----------+                       +---------------+--------------------------------------------------------------+
|                  | CVE-2020-8231       | LOW      |                       |               | curl: Expired pointer                                        |
|                  |                     |          |                       |               | dereference via multi API with                               |
|                  |                     |          |                       |               | `CURLOPT_CONNECT_ONLY` option                                |
|                  |                     |          |                       |               | set                                                          |
+------------------+---------------------+----------+-----------------------+---------------+--------------------------------------------------------------+
| gcc-8-base       | CVE-2018-12886      | HIGH     | 8.3.0-6               |               | gcc: spilling of stack                                       |
|                  |                     |          |                       |               | protection address in                                        |
|                  |                     |          |                       |               | cfgexpand.c and function.c                                   |
|                  |                     |          |                       |               | leads to...                                                  |
+                  +---------------------+          +                       +---------------+--------------------------------------------------------------+
|                  | CVE-2019-15847      |          |                       |               | gcc: POWER9 "DARN" RNG                                       |
|                  |                     |          |                       |               | intrinsic produces repeated                                  |
|                  |                     |          |                       |               | output                                                       |
+------------------+---------------------+----------+-----------------------+---------------+--------------------------------------------------------------+
| gpgv             | CVE-2019-14855      | LOW      | 2.2.12-1+deb10u1      |               | gnupg2: OpenPGP Key                                          |
|                  |                     |          |                       |               | Certification Forgeries with                                 |
|                  |                     |          |                       |               | SHA-1                                                        |
+------------------+---------------------+          +-----------------------+---------------+--------------------------------------------------------------+
| libapt-pkg5.0    | CVE-2011-3374       |          | 1.8.2.1               |               | It was found that apt-key                                    |
|                  |                     |          |                       |               | in apt, all versions, do not                                 |
|                  |                     |          |                       |               | correctly...                                                 |
+------------------+---------------------+----------+-----------------------+---------------+--------------------------------------------------------------+
| libc-bin         | CVE-2020-1751       | HIGH     | 2.28-10               |               | glibc: array overflow in                                     |
|                  |                     |          |                       |               | backtrace functions for                                      |
|                  |                     |          |                       |               | powerpc                                                      |
+                  +---------------------+          +                       +---------------+--------------------------------------------------------------+
|                  | CVE-2020-1752       |          |                       |               | glibc: use-after-free in                                     |
|                  |                     |          |                       |               | glob() function when expanding                               |
|                  |                     |          |                       |               | ~user                                                        |
+                  +---------------------+----------+                       +---------------+--------------------------------------------------------------+
|                  | CVE-2020-10029      | MEDIUM   |                       |               | glibc: stack corruption from                                 |
|                  |                     |          |                       |               | crafted input in cosl, sinl,                                 |
|                  |                     |          |                       |               | sincosl, and tanl...                                         |
+                  +---------------------+----------+                       +---------------+--------------------------------------------------------------+
|                  | CVE-2010-4051       | LOW      |                       |               | CVE-2010-4052 glibc:                                         |
|                  |                     |          |                       |               | De-recursivise regular                                       |
|                  |                     |          |                       |               | expression engine                                            |
+                  +---------------------+          +                       +---------------+--------------------------------------------------------------+
|                  | CVE-2010-4052       |          |                       |               | CVE-2010-4051 CVE-2010-4052                                  |
|                  |                     |          |                       |               | glibc: De-recursivise regular                                |
|                  |                     |          |                       |               | expression engine                                            |
+                  +---------------------+          +                       +---------------+--------------------------------------------------------------+
|                  | CVE-2010-4756       |          |                       |               | glibc: glob implementation can                               |
|                  |                     |          |                       |               | cause excessive CPU and memory                               |
|                  |                     |          |                       |               | consumption due to...                                        |
+                  +---------------------+          +                       +---------------+--------------------------------------------------------------+
|                  | CVE-2016-10228      |          |                       |               | glibc: iconv program can                                     |
|                  |                     |          |                       |               | hang when invoked with the -c                                |
|                  |                     |          |                       |               | option                                                       |
+                  +---------------------+          +                       +---------------+--------------------------------------------------------------+
|                  | CVE-2018-20796      |          |                       |               | glibc: uncontrolled                                          |
|                  |                     |          |                       |               | recursion in function                                        |
|                  |                     |          |                       |               | check_dst_limits_calc_pos_1 in                               |
|                  |                     |          |                       |               | posix/regexec.c                                              |
+                  +---------------------+          +                       +---------------+--------------------------------------------------------------+
|                  | CVE-2019-1010022    |          |                       |               | glibc: stack guard protection                                |
|                  |                     |          |                       |               | bypass                                                       |
+                  +---------------------+          +                       +---------------+--------------------------------------------------------------+
|                  | CVE-2019-1010023    |          |                       |               | glibc: running ldd on                                        |
|                  |                     |          |                       |               | malicious ELF leads to code                                  |
|                  |                     |          |                       |               | execution because of...                                      |
+                  +---------------------+          +                       +---------------+--------------------------------------------------------------+
|                  | CVE-2019-1010024    |          |                       |               | glibc: ASLR bypass using cache                               |
|                  |                     |          |                       |               | of thread stack and heap                                     |
+                  +---------------------+          +                       +---------------+--------------------------------------------------------------+
|                  | CVE-2019-1010025    |          |                       |               | glibc: information disclosure                                |
|                  |                     |          |                       |               | of heap addresses of                                         |
|                  |                     |          |                       |               | pthread_created thread                                       |
+                  +---------------------+          +                       +---------------+--------------------------------------------------------------+
|                  | CVE-2019-19126      |          |                       |               | glibc:                                                       |
|                  |                     |          |                       |               | LD_PREFER_MAP_32BIT_EXEC not                                 |
|                  |                     |          |                       |               | ignored in setuid binaries                                   |
+                  +---------------------+          +                       +---------------+--------------------------------------------------------------+
|                  | CVE-2019-9192       |          |                       |               | glibc: uncontrolled                                          |
|                  |                     |          |                       |               | recursion in function                                        |
|                  |                     |          |                       |               | check_dst_limits_calc_pos_1 in                               |
|                  |                     |          |                       |               | posix/regexec.c                                              |
+                  +---------------------+          +                       +---------------+--------------------------------------------------------------+
|                  | CVE-2020-6096       |          |                       |               | glibc: signed comparison                                     |
|                  |                     |          |                       |               | vulnerability in the ARMv7                                   |
|                  |                     |          |                       |               | memcpy function                                              |
+------------------+---------------------+----------+                       +---------------+--------------------------------------------------------------+
| libc6            | CVE-2020-1751       | HIGH     |                       |               | glibc: array overflow in                                     |
|                  |                     |          |                       |               | backtrace functions for                                      |
|                  |                     |          |                       |               | powerpc                                                      |
+                  +---------------------+          +                       +---------------+--------------------------------------------------------------+
|                  | CVE-2020-1752       |          |                       |               | glibc: use-after-free in                                     |
|                  |                     |          |                       |               | glob() function when expanding                               |
|                  |                     |          |                       |               | ~user                                                        |
+                  +---------------------+----------+                       +---------------+--------------------------------------------------------------+
|                  | CVE-2020-10029      | MEDIUM   |                       |               | glibc: stack corruption from                                 |
|                  |                     |          |                       |               | crafted input in cosl, sinl,                                 |
|                  |                     |          |                       |               | sincosl, and tanl...                                         |
+                  +---------------------+----------+                       +---------------+--------------------------------------------------------------+
|                  | CVE-2010-4051       | LOW      |                       |               | CVE-2010-4052 glibc:                                         |
|                  |                     |          |                       |               | De-recursivise regular                                       |
|                  |                     |          |                       |               | expression engine                                            |
+                  +---------------------+          +                       +---------------+--------------------------------------------------------------+
|                  | CVE-2010-4052       |          |                       |               | CVE-2010-4051 CVE-2010-4052                                  |
|                  |                     |          |                       |               | glibc: De-recursivise regular                                |
|                  |                     |          |                       |               | expression engine                                            |
+                  +---------------------+          +                       +---------------+--------------------------------------------------------------+
|                  | CVE-2010-4756       |          |                       |               | glibc: glob implementation can                               |
|                  |                     |          |                       |               | cause excessive CPU and memory                               |
|                  |                     |          |                       |               | consumption due to...                                        |
+                  +---------------------+          +                       +---------------+--------------------------------------------------------------+
|                  | CVE-2016-10228      |          |                       |               | glibc: iconv program can                                     |
|                  |                     |          |                       |               | hang when invoked with the -c                                |
|                  |                     |          |                       |               | option                                                       |
+                  +---------------------+          +                       +---------------+--------------------------------------------------------------+
|                  | CVE-2018-20796      |          |                       |               | glibc: uncontrolled                                          |
|                  |                     |          |                       |               | recursion in function                                        |
|                  |                     |          |                       |               | check_dst_limits_calc_pos_1 in                               |
|                  |                     |          |                       |               | posix/regexec.c                                              |
+                  +---------------------+          +                       +---------------+--------------------------------------------------------------+
|                  | CVE-2019-1010022    |          |                       |               | glibc: stack guard protection                                |
|                  |                     |          |                       |               | bypass                                                       |
+                  +---------------------+          +                       +---------------+--------------------------------------------------------------+
|                  | CVE-2019-1010023    |          |                       |               | glibc: running ldd on                                        |
|                  |                     |          |                       |               | malicious ELF leads to code                                  |
|                  |                     |          |                       |               | execution because of...                                      |
+                  +---------------------+          +                       +---------------+--------------------------------------------------------------+
|                  | CVE-2019-1010024    |          |                       |               | glibc: ASLR bypass using cache                               |
|                  |                     |          |                       |               | of thread stack and heap                                     |
+                  +---------------------+          +                       +---------------+--------------------------------------------------------------+
|                  | CVE-2019-1010025    |          |                       |               | glibc: information disclosure                                |
|                  |                     |          |                       |               | of heap addresses of                                         |
|                  |                     |          |                       |               | pthread_created thread                                       |
+                  +---------------------+          +                       +---------------+--------------------------------------------------------------+
|                  | CVE-2019-19126      |          |                       |               | glibc:                                                       |
|                  |                     |          |                       |               | LD_PREFER_MAP_32BIT_EXEC not                                 |
|                  |                     |          |                       |               | ignored in setuid binaries                                   |
+                  +---------------------+          +                       +---------------+--------------------------------------------------------------+
|                  | CVE-2019-9192       |          |                       |               | glibc: uncontrolled                                          |
|                  |                     |          |                       |               | recursion in function                                        |
|                  |                     |          |                       |               | check_dst_limits_calc_pos_1 in                               |
|                  |                     |          |                       |               | posix/regexec.c                                              |
+                  +---------------------+          +                       +---------------+--------------------------------------------------------------+
|                  | CVE-2020-6096       |          |                       |               | glibc: signed comparison                                     |
|                  |                     |          |                       |               | vulnerability in the ARMv7                                   |
|                  |                     |          |                       |               | memcpy function                                              |
+------------------+---------------------+----------+-----------------------+---------------+--------------------------------------------------------------+
| libcurl4         | CVE-2020-8169       | MEDIUM   | 7.64.0-4+deb10u1      |               | libcurl: partial password leak                               |
|                  |                     |          |                       |               | over DNS on HTTP redirect                                    |
+                  +---------------------+          +                       +---------------+--------------------------------------------------------------+
|                  | CVE-2020-8177       |          |                       |               | curl: Incorrect argument check                               |
|                  |                     |          |                       |               | can allow remote servers to                                  |
|                  |                     |          |                       |               | overwrite local files...                                     |
+                  +---------------------+----------+                       +---------------+--------------------------------------------------------------+
|                  | CVE-2020-8231       | LOW      |                       |               | curl: Expired pointer                                        |
|                  |                     |          |                       |               | dereference via multi API with                               |
|                  |                     |          |                       |               | `CURLOPT_CONNECT_ONLY` option                                |
|                  |                     |          |                       |               | set                                                          |
+------------------+---------------------+----------+-----------------------+---------------+--------------------------------------------------------------+
| libgcc1          | CVE-2018-12886      | HIGH     | 8.3.0-6               |               | gcc: spilling of stack                                       |
|                  |                     |          |                       |               | protection address in                                        |
|                  |                     |          |                       |               | cfgexpand.c and function.c                                   |
|                  |                     |          |                       |               | leads to...                                                  |
+                  +---------------------+          +                       +---------------+--------------------------------------------------------------+
|                  | CVE-2019-15847      |          |                       |               | gcc: POWER9 "DARN" RNG                                       |
|                  |                     |          |                       |               | intrinsic produces repeated                                  |
|                  |                     |          |                       |               | output                                                       |
+------------------+---------------------+----------+-----------------------+---------------+--------------------------------------------------------------+
| libgcrypt20      | CVE-2019-12904      | MEDIUM   | 1.8.4-5               |               | Libgcrypt: physical addresses                                |
|                  |                     |          |                       |               | being available to other                                     |
|                  |                     |          |                       |               | processes leads to a                                         |
|                  |                     |          |                       |               | flush-and-reload...                                          |
+                  +---------------------+          +                       +---------------+--------------------------------------------------------------+
|                  | CVE-2019-13627      |          |                       |               | libgcrypt: ECDSA timing attack                               |
|                  |                     |          |                       |               | allowing private key leak                                    |
+                  +---------------------+----------+                       +---------------+--------------------------------------------------------------+
|                  | CVE-2018-6829       | LOW      |                       |               | libgcrypt: ElGamal                                           |
|                  |                     |          |                       |               | implementation doesn't                                       |
|                  |                     |          |                       |               | have semantic security                                       |
|                  |                     |          |                       |               | due to incorrectly encoded                                   |
|                  |                     |          |                       |               | plaintexts...                                                |
+------------------+---------------------+----------+-----------------------+---------------+--------------------------------------------------------------+
| libgnutls30      | CVE-2020-24659      | HIGH     | 3.6.7-4+deb10u5       |               | gnutls: Heap buffer                                          |
|                  |                     |          |                       |               | overflow in handshake with                                   |
|                  |                     |          |                       |               | no_renegotiation alert sent                                  |
+                  +---------------------+----------+                       +---------------+--------------------------------------------------------------+
|                  | CVE-2011-3389       | LOW      |                       |               | HTTPS: block-wise                                            |
|                  |                     |          |                       |               | chosen-plaintext attack                                      |
|                  |                     |          |                       |               | against SSL/TLS (BEAST)                                      |
+------------------+---------------------+          +-----------------------+---------------+--------------------------------------------------------------+
| libgssapi-krb5-2 | CVE-2004-0971       |          | 1.17-3                |               | security flaw                                                |
+                  +---------------------+          +                       +---------------+--------------------------------------------------------------+
|                  | CVE-2018-5709       |          |                       |               | krb5: integer overflow                                       |
|                  |                     |          |                       |               | in dbentry->n_key_data in                                    |
|                  |                     |          |                       |               | kadmin/dbutil/dump.c                                         |
+------------------+---------------------+----------+-----------------------+---------------+--------------------------------------------------------------+
| libidn2-0        | CVE-2019-12290      | HIGH     | 2.0.5-1+deb10u1       |               | GNU libidn2 before 2.2.0                                     |
|                  |                     |          |                       |               | fails to perform the roundtrip                               |
|                  |                     |          |                       |               | checks specified in...                                       |
+------------------+---------------------+----------+-----------------------+---------------+--------------------------------------------------------------+
| libk5crypto3     | CVE-2004-0971       | LOW      | 1.17-3                |               | security flaw                                                |
+                  +---------------------+          +                       +---------------+--------------------------------------------------------------+
|                  | CVE-2018-5709       |          |                       |               | krb5: integer overflow                                       |
|                  |                     |          |                       |               | in dbentry->n_key_data in                                    |
|                  |                     |          |                       |               | kadmin/dbutil/dump.c                                         |
+------------------+---------------------+          +                       +---------------+--------------------------------------------------------------+
| libkrb5-3        | CVE-2004-0971       |          |                       |               | security flaw                                                |
+                  +---------------------+          +                       +---------------+--------------------------------------------------------------+
|                  | CVE-2018-5709       |          |                       |               | krb5: integer overflow                                       |
|                  |                     |          |                       |               | in dbentry->n_key_data in                                    |
|                  |                     |          |                       |               | kadmin/dbutil/dump.c                                         |
+------------------+---------------------+          +                       +---------------+--------------------------------------------------------------+
| libkrb5support0  | CVE-2004-0971       |          |                       |               | security flaw                                                |
+                  +---------------------+          +                       +---------------+--------------------------------------------------------------+
|                  | CVE-2018-5709       |          |                       |               | krb5: integer overflow                                       |
|                  |                     |          |                       |               | in dbentry->n_key_data in                                    |
|                  |                     |          |                       |               | kadmin/dbutil/dump.c                                         |
+------------------+---------------------+          +-----------------------+---------------+--------------------------------------------------------------+
| libldap-2.4-2    | CVE-2015-3276       |          | 2.4.47+dfsg-3+deb10u2 |               | openldap: incorrect                                          |
|                  |                     |          |                       |               | multi-keyword mode                                           |
|                  |                     |          |                       |               | cipherstring parsing                                         |
+                  +---------------------+          +                       +---------------+--------------------------------------------------------------+
|                  | CVE-2017-14159      |          |                       |               | openldap: Privilege escalation                               |
|                  |                     |          |                       |               | via PID file manipulation                                    |
+                  +---------------------+          +                       +---------------+--------------------------------------------------------------+
|                  | CVE-2017-17740      |          |                       |               | openldap:                                                    |
|                  |                     |          |                       |               | contrib/slapd-modules/nops/nops.c                            |
|                  |                     |          |                       |               | attempts to free stack buffer                                |
|                  |                     |          |                       |               | allowing remote attackers to                                 |
|                  |                     |          |                       |               | cause...                                                     |
+                  +---------------------+          +                       +---------------+--------------------------------------------------------------+
|                  | CVE-2020-15719      |          |                       |               | openldap: Certificate                                        |
|                  |                     |          |                       |               | validation incorrectly matches                               |
|                  |                     |          |                       |               | name against CN-ID                                           |
+------------------+---------------------+          +                       +---------------+--------------------------------------------------------------+
| libldap-common   | CVE-2015-3276       |          |                       |               | openldap: incorrect                                          |
|                  |                     |          |                       |               | multi-keyword mode                                           |
|                  |                     |          |                       |               | cipherstring parsing                                         |
+                  +---------------------+          +                       +---------------+--------------------------------------------------------------+
|                  | CVE-2017-14159      |          |                       |               | openldap: Privilege escalation                               |
|                  |                     |          |                       |               | via PID file manipulation                                    |
+                  +---------------------+          +                       +---------------+--------------------------------------------------------------+
|                  | CVE-2017-17740      |          |                       |               | openldap:                                                    |
|                  |                     |          |                       |               | contrib/slapd-modules/nops/nops.c                            |
|                  |                     |          |                       |               | attempts to free stack buffer                                |
|                  |                     |          |                       |               | allowing remote attackers to                                 |
|                  |                     |          |                       |               | cause...                                                     |
+                  +---------------------+          +                       +---------------+--------------------------------------------------------------+
|                  | CVE-2020-15719      |          |                       |               | openldap: Certificate                                        |
|                  |                     |          |                       |               | validation incorrectly matches                               |
|                  |                     |          |                       |               | name against CN-ID                                           |
+------------------+---------------------+          +-----------------------+---------------+--------------------------------------------------------------+
| liblz4-1         | CVE-2019-17543      |          | 1.8.3-1               |               | lz4: heap-based buffer                                       |
|                  |                     |          |                       |               | overflow in LZ4_write32                                      |
+------------------+---------------------+          +-----------------------+---------------+--------------------------------------------------------------+
| libnghttp2-14    | TEMP-0000000-A4EF31 |          | 1.36.0-2+deb10u1      |               |                                                              |
+------------------+---------------------+----------+-----------------------+---------------+--------------------------------------------------------------+
| libpcre3         | CVE-2020-14155      | MEDIUM   | 2:8.39-12             |               | pcre: integer overflow in                                    |
|                  |                     |          |                       |               | libpcre                                                      |
+                  +---------------------+----------+                       +---------------+--------------------------------------------------------------+
|                  | CVE-2017-11164      | LOW      |                       |               | pcre: OP_KETRMAX feature                                     |
|                  |                     |          |                       |               | in the match function in                                     |
|                  |                     |          |                       |               | pcre_exec.c                                                  |
+                  +---------------------+          +                       +---------------+--------------------------------------------------------------+
|                  | CVE-2017-16231      |          |                       |               | pcre: self-recursive call in                                 |
|                  |                     |          |                       |               | match() in pcre_exec.c leads                                 |
|                  |                     |          |                       |               | to denial of service...                                      |
+                  +---------------------+          +                       +---------------+--------------------------------------------------------------+
|                  | CVE-2017-7245       |          |                       |               | pcre: stack-based                                            |
|                  |                     |          |                       |               | buffer overflow write in                                     |
|                  |                     |          |                       |               | pcre32_copy_substring                                        |
+                  +---------------------+          +                       +---------------+                                                              +
|                  | CVE-2017-7246       |          |                       |               |                                                              |
|                  |                     |          |                       |               |                                                              |
|                  |                     |          |                       |               |                                                              |
+                  +---------------------+          +                       +---------------+--------------------------------------------------------------+
|                  | CVE-2019-20838      |          |                       |               | pcre: buffer over-read in JIT                                |
|                  |                     |          |                       |               | when UTF is disabled                                         |
+------------------+---------------------+          +-----------------------+---------------+--------------------------------------------------------------+
| libseccomp2      | CVE-2019-9893       |          | 2.3.3-4               |               | libseccomp: incorrect                                        |
|                  |                     |          |                       |               | generation of syscall filters                                |
|                  |                     |          |                       |               | in libseccomp                                                |
+------------------+---------------------+----------+-----------------------+---------------+--------------------------------------------------------------+
| libssh2-1        | CVE-2019-13115      | HIGH     | 1.8.0-2.1             |               | libssh2: integer overflow in                                 |
|                  |                     |          |                       |               | kex_method_diffie_hellman_group_exchange_sha256_key_exchange |
|                  |                     |          |                       |               | in kex.c leads to out-of-bounds write                        |
+                  +---------------------+----------+                       +---------------+--------------------------------------------------------------+
|                  | CVE-2019-17498      | LOW      |                       |               | libssh2: integer overflow in                                 |
|                  |                     |          |                       |               | SSH_MSG_DISCONNECT logic in                                  |
|                  |                     |          |                       |               | packet.c                                                     |
+------------------+---------------------+          +-----------------------+---------------+--------------------------------------------------------------+
| libssl1.1        | CVE-2007-6755       |          | 1.1.1d-0+deb10u3      |               | Dual_EC_DRBG: weak pseudo                                    |
|                  |                     |          |                       |               | random number generator                                      |
+                  +---------------------+          +                       +---------------+--------------------------------------------------------------+
|                  | CVE-2010-0928       |          |                       |               | openssl: RSA authentication                                  |
|                  |                     |          |                       |               | weakness                                                     |
+                  +---------------------+          +                       +---------------+--------------------------------------------------------------+
|                  | CVE-2019-1551       |          |                       |               | openssl: Integer overflow in                                 |
|                  |                     |          |                       |               | RSAZ modular exponentiation on                               |
|                  |                     |          |                       |               | x86_64                                                       |
+------------------+---------------------+----------+-----------------------+---------------+--------------------------------------------------------------+
| libstdc++6       | CVE-2018-12886      | HIGH     | 8.3.0-6               |               | gcc: spilling of stack                                       |
|                  |                     |          |                       |               | protection address in                                        |
|                  |                     |          |                       |               | cfgexpand.c and function.c                                   |
|                  |                     |          |                       |               | leads to...                                                  |
+                  +---------------------+          +                       +---------------+--------------------------------------------------------------+
|                  | CVE-2019-15847      |          |                       |               | gcc: POWER9 "DARN" RNG                                       |
|                  |                     |          |                       |               | intrinsic produces repeated                                  |
|                  |                     |          |                       |               | output                                                       |
+------------------+---------------------+          +-----------------------+---------------+--------------------------------------------------------------+
| libsystemd0      | CVE-2019-3843       |          | 241-7~deb10u4         |               | systemd: services with                                       |
|                  |                     |          |                       |               | DynamicUser can create                                       |
|                  |                     |          |                       |               | SUID/SGID binaries                                           |
+                  +---------------------+          +                       +---------------+--------------------------------------------------------------+
|                  | CVE-2019-3844       |          |                       |               | systemd: services with                                       |
|                  |                     |          |                       |               | DynamicUser can get new                                      |
|                  |                     |          |                       |               | privileges and create SGID                                   |
|                  |                     |          |                       |               | binaries...                                                  |
+                  +---------------------+----------+                       +---------------+--------------------------------------------------------------+
|                  | CVE-2013-4392       | LOW      |                       |               | systemd: TOCTOU race condition                               |
|                  |                     |          |                       |               | when updating file permissions                               |
|                  |                     |          |                       |               | and SELinux security                                         |
|                  |                     |          |                       |               | contexts...                                                  |
+                  +---------------------+          +                       +---------------+--------------------------------------------------------------+
|                  | CVE-2019-20386      |          |                       |               | systemd: memory leak                                         |
|                  |                     |          |                       |               | in button_open() in                                          |
|                  |                     |          |                       |               | login/logind-button.c when                                   |
|                  |                     |          |                       |               | udev events are received...                                  |
+                  +---------------------+          +                       +---------------+--------------------------------------------------------------+
|                  | CVE-2020-13776      |          |                       |               | systemd: mishandles numerical                                |
|                  |                     |          |                       |               | usernames beginning with                                     |
|                  |                     |          |                       |               | decimal digits or 0x followed                                |
|                  |                     |          |                       |               | by...                                                        |
+------------------+---------------------+          +-----------------------+---------------+--------------------------------------------------------------+
| libtasn1-6       | CVE-2018-1000654    |          | 4.13-3                |               | libtasn1: Infinite loop in                                   |
|                  |                     |          |                       |               | _asn1_expand_object_id(ptree)                                |
|                  |                     |          |                       |               | leads to memory exhaustion                                   |
+------------------+---------------------+----------+-----------------------+---------------+--------------------------------------------------------------+
| libudev1         | CVE-2019-3843       | HIGH     | 241-7~deb10u4         |               | systemd: services with                                       |
|                  |                     |          |                       |               | DynamicUser can create                                       |
|                  |                     |          |                       |               | SUID/SGID binaries                                           |
+                  +---------------------+          +                       +---------------+--------------------------------------------------------------+
|                  | CVE-2019-3844       |          |                       |               | systemd: services with                                       |
|                  |                     |          |                       |               | DynamicUser can get new                                      |
|                  |                     |          |                       |               | privileges and create SGID                                   |
|                  |                     |          |                       |               | binaries...                                                  |
+                  +---------------------+----------+                       +---------------+--------------------------------------------------------------+
|                  | CVE-2013-4392       | LOW      |                       |               | systemd: TOCTOU race condition                               |
|                  |                     |          |                       |               | when updating file permissions                               |
|                  |                     |          |                       |               | and SELinux security                                         |
|                  |                     |          |                       |               | contexts...                                                  |
+                  +---------------------+          +                       +---------------+--------------------------------------------------------------+
|                  | CVE-2019-20386      |          |                       |               | systemd: memory leak                                         |
|                  |                     |          |                       |               | in button_open() in                                          |
|                  |                     |          |                       |               | login/logind-button.c when                                   |
|                  |                     |          |                       |               | udev events are received...                                  |
+                  +---------------------+          +                       +---------------+--------------------------------------------------------------+
|                  | CVE-2020-13776      |          |                       |               | systemd: mishandles numerical                                |
|                  |                     |          |                       |               | usernames beginning with                                     |
|                  |                     |          |                       |               | decimal digits or 0x followed                                |
|                  |                     |          |                       |               | by...                                                        |
+------------------+---------------------+          +-----------------------+---------------+--------------------------------------------------------------+
| login            | CVE-2007-5686       |          | 1:4.5-1.1             |               | initscripts in rPath Linux 1                                 |
|                  |                     |          |                       |               | sets insecure permissions for                                |
|                  |                     |          |                       |               | the /var/log/btmp file,...                                   |
+                  +---------------------+          +                       +---------------+--------------------------------------------------------------+
|                  | CVE-2013-4235       |          |                       |               | shadow-utils: TOCTOU race                                    |
|                  |                     |          |                       |               | conditions by copying and                                    |
|                  |                     |          |                       |               | removing directory trees                                     |
+                  +---------------------+          +                       +---------------+--------------------------------------------------------------+
|                  | CVE-2018-7169       |          |                       |               | shadow-utils: newgidmap                                      |
|                  |                     |          |                       |               | allows unprivileged user                                     |
|                  |                     |          |                       |               | to drop supplementary                                        |
|                  |                     |          |                       |               | groups potentially allowing                                  |
|                  |                     |          |                       |               | privilege...                                                 |
+                  +---------------------+          +                       +---------------+--------------------------------------------------------------+
|                  | CVE-2019-19882      |          |                       |               | shadow-utils: local users                                    |
|                  |                     |          |                       |               | can obtain root access                                       |
|                  |                     |          |                       |               | because setuid programs are                                  |
|                  |                     |          |                       |               | misconfigured...                                             |
+                  +---------------------+          +                       +---------------+--------------------------------------------------------------+
|                  | TEMP-0628843-DBAD28 |          |                       |               |                                                              |
+------------------+---------------------+          +                       +---------------+--------------------------------------------------------------+
| passwd           | CVE-2007-5686       |          |                       |               | initscripts in rPath Linux 1                                 |
|                  |                     |          |                       |               | sets insecure permissions for                                |
|                  |                     |          |                       |               | the /var/log/btmp file,...                                   |
+                  +---------------------+          +                       +---------------+--------------------------------------------------------------+
|                  | CVE-2013-4235       |          |                       |               | shadow-utils: TOCTOU race                                    |
|                  |                     |          |                       |               | conditions by copying and                                    |
|                  |                     |          |                       |               | removing directory trees                                     |
+                  +---------------------+          +                       +---------------+--------------------------------------------------------------+
|                  | CVE-2018-7169       |          |                       |               | shadow-utils: newgidmap                                      |
|                  |                     |          |                       |               | allows unprivileged user                                     |
|                  |                     |          |                       |               | to drop supplementary                                        |
|                  |                     |          |                       |               | groups potentially allowing                                  |
|                  |                     |          |                       |               | privilege...                                                 |
+                  +---------------------+          +                       +---------------+--------------------------------------------------------------+
|                  | CVE-2019-19882      |          |                       |               | shadow-utils: local users                                    |
|                  |                     |          |                       |               | can obtain root access                                       |
|                  |                     |          |                       |               | because setuid programs are                                  |
|                  |                     |          |                       |               | misconfigured...                                             |
+                  +---------------------+          +                       +---------------+--------------------------------------------------------------+
|                  | TEMP-0628843-DBAD28 |          |                       |               |                                                              |
+------------------+---------------------+          +-----------------------+---------------+--------------------------------------------------------------+
| perl-base        | CVE-2011-4116       |          | 5.28.1-6+deb10u1      |               | perl: File::Temp insecure                                    |
|                  |                     |          |                       |               | temporary file handling                                      |
+------------------+---------------------+          +-----------------------+---------------+--------------------------------------------------------------+
| sysvinit-utils   | TEMP-0517018-A83CE6 |          | 2.93-8                |               |                                                              |
+------------------+---------------------+          +-----------------------+---------------+--------------------------------------------------------------+
| tar              | CVE-2005-2541       |          | 1.30+dfsg-6           |               | Tar 1.15.1 does not properly                                 |
|                  |                     |          |                       |               | warn the user when extracting                                |
|                  |                     |          |                       |               | setuid or...                                                 |
+                  +---------------------+          +                       +---------------+--------------------------------------------------------------+
|                  | CVE-2019-9923       |          |                       |               | tar: null-pointer dereference                                |
|                  |                     |          |                       |               | in pax_decode_header in                                      |
|                  |                     |          |                       |               | sparse.c                                                     |
+                  +---------------------+          +                       +---------------+--------------------------------------------------------------+
|                  | TEMP-0290435-0B57B5 |          |                       |               |                                                              |
+------------------+---------------------+----------+-----------------------+---------------+--------------------------------------------------------------+
